<?xml version="1.0" encoding="UTF-8"?>
<Site BuildName="(empty)"
	BuildStamp="20231018-0142-Experimental"
	Name="minhtricao-G7-7588"
	Generator="ctest-3.27.4"
	CompilerName="/usr/bin/c++"
	CompilerVersion="9.4.0"
	OSName="Linux"
	Hostname="minhtricao-G7-7588"
	OSRelease="5.15.0-84-generic"
	OSVersion="#93~20.04.1-Ubuntu SMP Wed Sep 6 16:15:40 UTC 2023"
	OSPlatform="x86_64"
	Is64Bits="1"
	VendorString="GenuineIntel"
	VendorID="Intel Corporation"
	FamilyID="6"
	ModelID="158"
	ProcessorCacheSize="9216"
	NumberOfLogicalCPU="12"
	NumberOfPhysicalCPU="6"
	TotalVirtualMemory="15258"
	TotalPhysicalMemory="15673"
	LogicalProcessorsPerPhysical="2"
	ProcessorClockFrequency="3473.84"
	>
	<Testing>
		<StartDateTime>Oct 18 12:42 AEDT</StartDateTime>
		<StartTestTime>1697593359</StartTestTime>
		<TestList/>
		<EndDateTime>Oct 18 12:42 AEDT</EndDateTime>
		<EndTestTime>1697593359</EndTestTime>
		<ElapsedMinutes>0</ElapsedMinutes>
	</Testing>
</Site>
